<?xml version="1.0" encoding="UTF-8"?>
<!-- Generated by org.testng.reporters.JUnitReportReporter -->
<testsuite hostname="KesavaReddy-PC" name="testcases.VerifyHomePage" tests="1" failures="0" timestamp="28 Jul 2017 09:09:58 GMT" time="41.922" errors="0">
  <testcase name="testHomepage" time="41.922" classname="testcases.VerifyHomePage"/>
</testsuite> <!-- testcases.VerifyHomePage -->
