<?xml version="1.0" encoding="UTF-8"?>
<!-- Generated by org.testng.reporters.JUnitReportReporter -->
<testsuite hostname="KesavaReddy-PC" name="testcases.VerifyLoginPageWithReport" tests="1" failures="0" timestamp="28 Jul 2017 10:19:25 GMT" time="56.459" errors="0">
  <testcase name="testLoginPage" time="56.459" classname="testcases.VerifyLoginPageWithReport"/>
</testsuite> <!-- testcases.VerifyLoginPageWithReport -->
