<?xml version="1.0" encoding="UTF-8"?>
<!-- Generated by org.testng.reporters.JUnitReportReporter -->
<testsuite hostname="KesavaReddy-PC" name="testcases.VerifyLoginPage" tests="1" failures="0" timestamp="28 Jul 2017 09:09:58 GMT" time="56.390" errors="0">
  <testcase name="testLoginPage" time="56.390" classname="testcases.VerifyLoginPage"/>
</testsuite> <!-- testcases.VerifyLoginPage -->
