<?xml version="1.0" encoding="UTF-8"?>
<!-- Generated by org.testng.reporters.JUnitReportReporter -->
<testsuite hostname="KesavaReddy-PC" name="pages.VerifyHomePage" tests="1" failures="0" timestamp="26 Jul 2017 16:58:04 GMT" time="41.559" errors="0">
  <testcase name="testHomepage" time="41.559" classname="pages.VerifyHomePage"/>
</testsuite> <!-- pages.VerifyHomePage -->
